0 info it worked if it ends with ok
1 verbose cli [ '/home/phuong/.nvm/versions/node/v4.5.0/bin/node',
1 verbose cli   '/home/phuong/.nvm/versions/node/v4.5.0/bin/npm',
1 verbose cli   'start' ]
2 info using npm@2.15.9
3 info using node@v4.5.0
4 verbose stack Error: Failed to parse json
4 verbose stack Trailing comma in object at 13:3
4 verbose stack   },
4 verbose stack   ^
4 verbose stack     at parseError (/home/phuong/.nvm/versions/node/v4.5.0/lib/node_modules/npm/node_modules/read-package-json/read-json.js:390:11)
4 verbose stack     at parseJson (/home/phuong/.nvm/versions/node/v4.5.0/lib/node_modules/npm/node_modules/read-package-json/read-json.js:79:23)
4 verbose stack     at /home/phuong/.nvm/versions/node/v4.5.0/lib/node_modules/npm/node_modules/read-package-json/read-json.js:48:5
4 verbose stack     at /home/phuong/.nvm/versions/node/v4.5.0/lib/node_modules/npm/node_modules/graceful-fs/graceful-fs.js:78:16
4 verbose stack     at FSReqWrap.readFileAfterClose [as oncomplete] (fs.js:380:3)
5 verbose cwd /home/phuong/JSAU/taxi-vina-jsau/taxi-vina-web
6 error Linux 3.16.0-4-amd64
7 error argv "/home/phuong/.nvm/versions/node/v4.5.0/bin/node" "/home/phuong/.nvm/versions/node/v4.5.0/bin/npm" "start"
8 error node v4.5.0
9 error npm  v2.15.9
10 error file /home/phuong/JSAU/taxi-vina-jsau/taxi-vina-web/package.json
11 error code EJSONPARSE
12 error Failed to parse json
12 error Trailing comma in object at 13:3
12 error   },
12 error   ^
13 error File: /home/phuong/JSAU/taxi-vina-jsau/taxi-vina-web/package.json
14 error Failed to parse package.json data.
14 error package.json must be actual JSON, not just JavaScript.
14 error
14 error This is not a bug in npm.
14 error Tell the package author to fix their package.json file. JSON.parse
15 verbose exit [ 1, true ]
